# JRE version: OpenJDK Runtime Environment Temurin-21.0.8+9 (21.0.8+9) (build 21.0.8+9-LTS)
# Java VM: OpenJDK 64-Bit Server VM Temurin-21.0.8+9 (21.0.8+9-LTS, mixed mode, sharing, tiered, compressed oops, compressed class ptrs, parallel gc, windows-amd64)
GC Precious Log:
 CardTable entry size: 512
 CPUs: 16 total, 16 available
 Memory: 32675M
 Large Page Support: Disabled
 NUMA Support: Disabled
 Compressed Oops: Enabled (32-bit)
 Alignments: Space 512K, Generation 512K, Heap 2M
 Heap Min Capacity: 100M
 Heap Initial Capacity: 100M
 Heap Max Capacity: 2G
 Pre-touch: Disabled
 Parallel Workers: 13
Heap:
 PSYoungGen      total 3072K, used 2976K [0x00000000d5580000, 0x00000000d5a00000, 0x0000000100000000)
  eden space 2560K, 100% used [0x00000000d5580000,0x00000000d5800000,0x00000000d5800000)
  from space 512K, 81% used [0x00000000d5980000,0x00000000d59e8000,0x00000000d5a00000)
  to   space 512K, 75% used [0x00000000d5800000,0x00000000d5860000,0x00000000d5880000)
 ParOldGen       total 565248K, used 564836K [0x0000000080000000, 0x00000000a2800000, 0x00000000d5580000)
  object space 565248K, 99% used [0x0000000080000000,0x00000000a27993f8,0x00000000a2800000)
 Metaspace       used 53973K, committed 55232K, reserved 1114112K
  class space    used 5911K, committed 6464K, reserved 1048576K
GC Heap History (20 events):
Event: 73.267 GC heap before
{Heap before GC invocations=667 (full 2):
 PSYoungGen      total 3072K, used 2976K [0x00000000d5580000, 0x00000000d5a80000, 0x0000000100000000)
  eden space 2560K, 100% used [0x00000000d5580000,0x00000000d5800000,0x00000000d5800000)
  from space 512K, 81% used [0x00000000d5a00000,0x00000000d5a68000,0x00000000d5a80000)
  to   space 1024K, 0% used [0x00000000d5880000,0x00000000d5880000,0x00000000d5980000)
 ParOldGen       total 555520K, used 555251K [0x0000000080000000, 0x00000000a1e80000, 0x00000000d5580000)
  object space 555520K, 99% used [0x0000000080000000,0x00000000a1e3cd80,0x00000000a1e80000)
 Metaspace       used 51675K, committed 52992K, reserved 1114112K
  class space    used 5530K, committed 6144K, reserved 1048576K
}
Event: 73.268 GC heap after
{Heap after GC invocations=667 (full 2):
 PSYoungGen      total 4096K, used 384K [0x00000000d5580000, 0x00000000d5a80000, 0x0000000100000000)
  eden space 3072K, 0% used [0x00000000d5580000,0x00000000d5580000,0x00000000d5880000)
  from space 1024K, 37% used [0x00000000d5880000,0x00000000d58e0000,0x00000000d5980000)
  to   space 512K, 0% used [0x00000000d5a00000,0x00000000d5a00000,0x00000000d5a80000)
 ParOldGen       total 555520K, used 555459K [0x0000000080000000, 0x00000000a1e80000, 0x00000000d5580000)
  object space 555520K, 99% used [0x0000000080000000,0x00000000a1e70d80,0x00000000a1e80000)
 Metaspace       used 51675K, committed 52992K, reserved 1114112K
  class space    used 5530K, committed 6144K, reserved 1048576K
}
Event: 73.290 GC heap before
{Heap before GC invocations=668 (full 2):
 PSYoungGen      total 4096K, used 3456K [0x00000000d5580000, 0x00000000d5a80000, 0x0000000100000000)
  eden space 3072K, 100% used [0x00000000d5580000,0x00000000d5880000,0x00000000d5880000)
  from space 1024K, 37% used [0x00000000d5880000,0x00000000d58e0000,0x00000000d5980000)
  to   space 512K, 0% used [0x00000000d5a00000,0x00000000d5a00000,0x00000000d5a80000)
 ParOldGen       total 555520K, used 555459K [0x0000000080000000, 0x00000000a1e80000, 0x00000000d5580000)
  object space 555520K, 99% used [0x0000000080000000,0x00000000a1e70d80,0x00000000a1e80000)
 Metaspace       used 52057K, committed 53440K, reserved 1114112K
  class space    used 5589K, committed 6208K, reserved 1048576K
}
Event: 73.291 GC heap after
{Heap after GC invocations=668 (full 2):
 PSYoungGen      total 3584K, used 384K [0x00000000d5580000, 0x00000000d5a80000, 0x0000000100000000)
  eden space 3072K, 0% used [0x00000000d5580000,0x00000000d5580000,0x00000000d5880000)
  from space 512K, 75% used [0x00000000d5a00000,0x00000000d5a60000,0x00000000d5a80000)
  to   space 512K, 0% used [0x00000000d5980000,0x00000000d5980000,0x00000000d5a00000)
 ParOldGen       total 556032K, used 555599K [0x0000000080000000, 0x00000000a1f00000, 0x00000000d5580000)
  object space 556032K, 99% used [0x0000000080000000,0x00000000a1e93e80,0x00000000a1f00000)
 Metaspace       used 52057K, committed 53440K, reserved 1114112K
  class space    used 5589K, committed 6208K, reserved 1048576K
}
Event: 73.321 GC heap before
{Heap before GC invocations=669 (full 2):
 PSYoungGen      total 3584K, used 3456K [0x00000000d5580000, 0x00000000d5a80000, 0x0000000100000000)
  eden space 3072K, 100% used [0x00000000d5580000,0x00000000d5880000,0x00000000d5880000)
  from space 512K, 75% used [0x00000000d5a00000,0x00000000d5a60000,0x00000000d5a80000)
  to   space 512K, 0% used [0x00000000d5980000,0x00000000d5980000,0x00000000d5a00000)
 ParOldGen       total 556032K, used 555599K [0x0000000080000000, 0x00000000a1f00000, 0x00000000d5580000)
  object space 556032K, 99% used [0x0000000080000000,0x00000000a1e93e80,0x00000000a1f00000)
 Metaspace       used 52461K, committed 53696K, reserved 1114112K
  class space    used 5655K, committed 6208K, reserved 1048576K
}
Event: 73.322 GC heap after
{Heap after GC invocations=669 (full 2):
 PSYoungGen      total 3584K, used 384K [0x00000000d5580000, 0x00000000d5a80000, 0x0000000100000000)
  eden space 3072K, 0% used [0x00000000d5580000,0x00000000d5580000,0x00000000d5880000)
  from space 512K, 75% used [0x00000000d5980000,0x00000000d59e0000,0x00000000d5a00000)
  to   space 512K, 0% used [0x00000000d5a00000,0x00000000d5a00000,0x00000000d5a80000)
 ParOldGen       total 556032K, used 555695K [0x0000000080000000, 0x00000000a1f00000, 0x00000000d5580000)
  object space 556032K, 99% used [0x0000000080000000,0x00000000a1eabe80,0x00000000a1f00000)
 Metaspace       used 52461K, committed 53696K, reserved 1114112K
  class space    used 5655K, committed 6208K, reserved 1048576K
}
Event: 73.340 GC heap before
{Heap before GC invocations=670 (full 2):
 PSYoungGen      total 3584K, used 3456K [0x00000000d5580000, 0x00000000d5a80000, 0x0000000100000000)
  eden space 3072K, 100% used [0x00000000d5580000,0x00000000d5880000,0x00000000d5880000)
  from space 512K, 75% used [0x00000000d5980000,0x00000000d59e0000,0x00000000d5a00000)
  to   space 512K, 0% used [0x00000000d5a00000,0x00000000d5a00000,0x00000000d5a80000)
 ParOldGen       total 556032K, used 555695K [0x0000000080000000, 0x00000000a1f00000, 0x00000000d5580000)
  object space 556032K, 99% used [0x0000000080000000,0x00000000a1eabe80,0x00000000a1f00000)
 Metaspace       used 52754K, committed 54016K, reserved 1114112K
  class space    used 5716K, committed 6272K, reserved 1048576K
}
Event: 73.341 GC heap after
{Heap after GC invocations=670 (full 2):
 PSYoungGen      total 3584K, used 416K [0x00000000d5580000, 0x00000000d5a80000, 0x0000000100000000)
  eden space 3072K, 0% used [0x00000000d5580000,0x00000000d5580000,0x00000000d5880000)
  from space 512K, 81% used [0x00000000d5a00000,0x00000000d5a68000,0x00000000d5a80000)
  to   space 512K, 0% used [0x00000000d5980000,0x00000000d5980000,0x00000000d5a00000)
 ParOldGen       total 556032K, used 555807K [0x0000000080000000, 0x00000000a1f00000, 0x00000000d5580000)
  object space 556032K, 99% used [0x0000000080000000,0x00000000a1ec7e80,0x00000000a1f00000)
 Metaspace       used 52754K, committed 54016K, reserved 1114112K
  class space    used 5716K, committed 6272K, reserved 1048576K
}
Event: 73.373 GC heap before
{Heap before GC invocations=671 (full 2):
 PSYoungGen      total 3584K, used 3488K [0x00000000d5580000, 0x00000000d5a80000, 0x0000000100000000)
  eden space 3072K, 100% used [0x00000000d5580000,0x00000000d5880000,0x00000000d5880000)
  from space 512K, 81% used [0x00000000d5a00000,0x00000000d5a68000,0x00000000d5a80000)
  to   space 512K, 0% used [0x00000000d5980000,0x00000000d5980000,0x00000000d5a00000)
 ParOldGen       total 556032K, used 555807K [0x0000000080000000, 0x00000000a1f00000, 0x00000000d5580000)
  object space 556032K, 99% used [0x0000000080000000,0x00000000a1ec7e80,0x00000000a1f00000)
 Metaspace       used 53073K, committed 54336K, reserved 1114112K
  class space    used 5759K, committed 6336K, reserved 1048576K
}
Event: 73.374 GC heap after
{Heap after GC invocations=671 (full 2):
 PSYoungGen      total 3584K, used 448K [0x00000000d5580000, 0x00000000d5a80000, 0x0000000100000000)
  eden space 3072K, 0% used [0x00000000d5580000,0x00000000d5580000,0x00000000d5880000)
  from space 512K, 87% used [0x00000000d5980000,0x00000000d59f0000,0x00000000d5a00000)
  to   space 512K, 0% used [0x00000000d5a00000,0x00000000d5a00000,0x00000000d5a80000)
 ParOldGen       total 556032K, used 555919K [0x0000000080000000, 0x00000000a1f00000, 0x00000000d5580000)
  object space 556032K, 99% used [0x0000000080000000,0x00000000a1ee3e80,0x00000000a1f00000)
 Metaspace       used 53073K, committed 54336K, reserved 1114112K
  class space    used 5759K, committed 6336K, reserved 1048576K
}
Event: 73.430 GC heap before
{Heap before GC invocations=672 (full 2):
 PSYoungGen      total 3584K, used 3483K [0x00000000d5580000, 0x00000000d5a80000, 0x0000000100000000)
  eden space 3072K, 98% used [0x00000000d5580000,0x00000000d5876f88,0x00000000d5880000)
  from space 512K, 87% used [0x00000000d5980000,0x00000000d59f0000,0x00000000d5a00000)
  to   space 512K, 0% used [0x00000000d5a00000,0x00000000d5a00000,0x00000000d5a80000)
 ParOldGen       total 556032K, used 555919K [0x0000000080000000, 0x00000000a1f00000, 0x00000000d5580000)
  object space 556032K, 99% used [0x0000000080000000,0x00000000a1ee3e80,0x00000000a1f00000)
 Metaspace       used 53177K, committed 54464K, reserved 1114112K
  class space    used 5776K, committed 6336K, reserved 1048576K
}
Event: 73.431 GC heap after
{Heap after GC invocations=672 (full 2):
 PSYoungGen      total 3072K, used 507K [0x00000000d5580000, 0x00000000d5c80000, 0x0000000100000000)
  eden space 2560K, 0% used [0x00000000d5580000,0x00000000d5580000,0x00000000d5800000)
  from space 512K, 99% used [0x00000000d5a00000,0x00000000d5a7efa8,0x00000000d5a80000)
  to   space 2048K, 0% used [0x00000000d5800000,0x00000000d5800000,0x00000000d5a00000)
 ParOldGen       total 557568K, used 557134K [0x0000000080000000, 0x00000000a2080000, 0x00000000d5580000)
  object space 557568K, 99% used [0x0000000080000000,0x00000000a2013a18,0x00000000a2080000)
 Metaspace       used 53177K, committed 54464K, reserved 1114112K
  class space    used 5776K, committed 6336K, reserved 1048576K
}
Event: 73.470 GC heap before
{Heap before GC invocations=673 (full 2):
 PSYoungGen      total 3072K, used 3009K [0x00000000d5580000, 0x00000000d5c80000, 0x0000000100000000)
  eden space 2560K, 97% used [0x00000000d5580000,0x00000000d57f1528,0x00000000d5800000)
  from space 512K, 99% used [0x00000000d5a00000,0x00000000d5a7efa8,0x00000000d5a80000)
  to   space 2048K, 0% used [0x00000000d5800000,0x00000000d5800000,0x00000000d5a00000)
 ParOldGen       total 557568K, used 557134K [0x0000000080000000, 0x00000000a2080000, 0x00000000d5580000)
  object space 557568K, 99% used [0x0000000080000000,0x00000000a2013a18,0x00000000a2080000)
 Metaspace       used 53197K, committed 54464K, reserved 1114112K
  class space    used 5781K, committed 6336K, reserved 1048576K
}
Event: 73.471 GC heap after
{Heap after GC invocations=673 (full 2):
 PSYoungGen      total 4608K, used 2014K [0x00000000d5580000, 0x00000000d5d00000, 0x0000000100000000)
  eden space 2560K, 0% used [0x00000000d5580000,0x00000000d5580000,0x00000000d5800000)
  from space 2048K, 98% used [0x00000000d5800000,0x00000000d59f78f0,0x00000000d5a00000)
  to   space 2560K, 0% used [0x00000000d5a80000,0x00000000d5a80000,0x00000000d5d00000)
 ParOldGen       total 558080K, used 557646K [0x0000000080000000, 0x00000000a2100000, 0x00000000d5580000)
  object space 558080K, 99% used [0x0000000080000000,0x00000000a2093b18,0x00000000a2100000)
 Metaspace       used 53197K, committed 54464K, reserved 1114112K
  class space    used 5781K, committed 6336K, reserved 1048576K
}
Event: 73.510 GC heap before
{Heap before GC invocations=674 (full 2):
 PSYoungGen      total 4608K, used 4574K [0x00000000d5580000, 0x00000000d5d00000, 0x0000000100000000)
  eden space 2560K, 100% used [0x00000000d5580000,0x00000000d5800000,0x00000000d5800000)
  from space 2048K, 98% used [0x00000000d5800000,0x00000000d59f78f0,0x00000000d5a00000)
  to   space 2560K, 0% used [0x00000000d5a80000,0x00000000d5a80000,0x00000000d5d00000)
 ParOldGen       total 561152K, used 560701K [0x0000000080000000, 0x00000000a2400000, 0x00000000d5580000)
  object space 561152K, 99% used [0x0000000080000000,0x00000000a238f410,0x00000000a2400000)
 Metaspace       used 53204K, committed 54464K, reserved 1114112K
  class space    used 5782K, committed 6336K, reserved 1048576K
}
Event: 73.512 GC heap after
{Heap after GC invocations=674 (full 2):
 PSYoungGen      total 5120K, used 2230K [0x00000000d5580000, 0x00000000d5d00000, 0x0000000100000000)
  eden space 2560K, 0% used [0x00000000d5580000,0x00000000d5580000,0x00000000d5800000)
  from space 2560K, 87% used [0x00000000d5a80000,0x00000000d5cada70,0x00000000d5d00000)
  to   space 2560K, 0% used [0x00000000d5800000,0x00000000d5800000,0x00000000d5a80000)
 ParOldGen       total 562688K, used 562506K [0x0000000080000000, 0x00000000a2580000, 0x00000000d5580000)
  object space 562688K, 99% used [0x0000000080000000,0x00000000a2552a28,0x00000000a2580000)
 Metaspace       used 53204K, committed 54464K, reserved 1114112K
  class space    used 5782K, committed 6336K, reserved 1048576K
}
Event: 73.530 GC heap before
{Heap before GC invocations=675 (full 2):
 PSYoungGen      total 5120K, used 4790K [0x00000000d5580000, 0x00000000d5d00000, 0x0000000100000000)
  eden space 2560K, 100% used [0x00000000d5580000,0x00000000d5800000,0x00000000d5800000)
  from space 2560K, 87% used [0x00000000d5a80000,0x00000000d5cada70,0x00000000d5d00000)
  to   space 2560K, 0% used [0x00000000d5800000,0x00000000d5800000,0x00000000d5a80000)
 ParOldGen       total 562688K, used 562506K [0x0000000080000000, 0x00000000a2580000, 0x00000000d5580000)
  object space 562688K, 99% used [0x0000000080000000,0x00000000a2552a28,0x00000000a2580000)
 Metaspace       used 53443K, committed 54720K, reserved 1114112K
  class space    used 5827K, committed 6400K, reserved 1048576K
}
Event: 73.532 GC heap after
{Heap after GC invocations=675 (full 2):
 PSYoungGen      total 3072K, used 352K [0x00000000d5580000, 0x00000000d5b00000, 0x0000000100000000)
  eden space 2560K, 0% used [0x00000000d5580000,0x00000000d5580000,0x00000000d5800000)
  from space 512K, 68% used [0x00000000d5800000,0x00000000d5858000,0x00000000d5880000)
  to   space 1536K, 0% used [0x00000000d5980000,0x00000000d5980000,0x00000000d5b00000)
 ParOldGen       total 564736K, used 564596K [0x0000000080000000, 0x00000000a2780000, 0x00000000d5580000)
  object space 564736K, 99% used [0x0000000080000000,0x00000000a275d3f8,0x00000000a2780000)
 Metaspace       used 53443K, committed 54720K, reserved 1114112K
  class space    used 5827K, committed 6400K, reserved 1048576K
}
Event: 73.549 GC heap before
{Heap before GC invocations=676 (full 2):
 PSYoungGen      total 3072K, used 2912K [0x00000000d5580000, 0x00000000d5b00000, 0x0000000100000000)
  eden space 2560K, 100% used [0x00000000d5580000,0x00000000d5800000,0x00000000d5800000)
  from space 512K, 68% used [0x00000000d5800000,0x00000000d5858000,0x00000000d5880000)
  to   space 1536K, 0% used [0x00000000d5980000,0x00000000d5980000,0x00000000d5b00000)
 ParOldGen       total 564736K, used 564596K [0x0000000080000000, 0x00000000a2780000, 0x00000000d5580000)
  object space 564736K, 99% used [0x0000000080000000,0x00000000a275d3f8,0x00000000a2780000)
 Metaspace       used 53711K, committed 55040K, reserved 1114112K
  class space    used 5876K, committed 6464K, reserved 1048576K
}
Event: 73.550 GC heap after
{Heap after GC invocations=676 (full 2):
 PSYoungGen      total 3072K, used 416K [0x00000000d5580000, 0x00000000d5a00000, 0x0000000100000000)
  eden space 2560K, 0% used [0x00000000d5580000,0x00000000d5580000,0x00000000d5800000)
  from space 512K, 81% used [0x00000000d5980000,0x00000000d59e8000,0x00000000d5a00000)
  to   space 512K, 0% used [0x00000000d5800000,0x00000000d5800000,0x00000000d5880000)
 ParOldGen       total 564736K, used 564724K [0x0000000080000000, 0x00000000a2780000, 0x00000000d5580000)
  object space 564736K, 99% used [0x0000000080000000,0x00000000a277d3f8,0x00000000a2780000)
 Metaspace       used 53711K, committed 55040K, reserved 1114112K
  class space    used 5876K, committed 6464K, reserved 1048576K
}

