# JRE version: OpenJDK Runtime Environment Temurin-21.0.8+9 (21.0.8+9) (build 21.0.8+9-LTS)
# Java VM: OpenJDK 64-Bit Server VM Temurin-21.0.8+9 (21.0.8+9-LTS, mixed mode, sharing, tiered, compressed oops, compressed class ptrs, parallel gc, windows-amd64)
GC Precious Log:
 CardTable entry size: 512
 CPUs: 16 total, 16 available
 Memory: 32675M
 Large Page Support: Disabled
 NUMA Support: Disabled
 Compressed Oops: Enabled (32-bit)
 Alignments: Space 512K, Generation 512K, Heap 2M
 Heap Min Capacity: 100M
 Heap Initial Capacity: 100M
 Heap Max Capacity: 2G
 Pre-touch: Disabled
 Parallel Workers: 13
Heap:
 PSYoungGen      total 12288K, used 2916K [0x00000000d5580000, 0x00000000d6280000, 0x0000000100000000)
  eden space 11264K, 21% used [0x00000000d5580000,0x00000000d57e1300,0x00000000d6080000)
  from space 1024K, 46% used [0x00000000d6080000,0x00000000d60f8000,0x00000000d6180000)
  to   space 1024K, 0% used [0x00000000d6180000,0x00000000d6180000,0x00000000d6280000)
 ParOldGen       total 628224K, used 328595K [0x0000000080000000, 0x00000000a6580000, 0x00000000d5580000)
  object space 628224K, 52% used [0x0000000080000000,0x00000000940e4c88,0x00000000a6580000)
 Metaspace       used 71314K, committed 72768K, reserved 1114112K
  class space    used 7462K, committed 8128K, reserved 1048576K
GC Heap History (20 events):
Event: 32.565 GC heap before
{Heap before GC invocations=943 (full 3):
 PSYoungGen      total 13312K, used 12879K [0x00000000d5580000, 0x00000000d6480000, 0x0000000100000000)
  eden space 11264K, 99% used [0x00000000d5580000,0x00000000d607eb68,0x00000000d6080000)
  from space 2048K, 79% used [0x00000000d6080000,0x00000000d6215320,0x00000000d6280000)
  to   space 2048K, 0% used [0x00000000d6280000,0x00000000d6280000,0x00000000d6480000)
 ParOldGen       total 628224K, used 321670K [0x0000000080000000, 0x00000000a6580000, 0x00000000d5580000)
  object space 628224K, 51% used [0x0000000080000000,0x0000000093a21ad8,0x00000000a6580000)
 Metaspace       used 65017K, committed 66368K, reserved 1114112K
  class space    used 6753K, committed 7360K, reserved 1048576K
}
Event: 32.567 GC heap after
{Heap after GC invocations=943 (full 3):
 PSYoungGen      total 12800K, used 1424K [0x00000000d5580000, 0x00000000d6400000, 0x0000000100000000)
  eden space 11264K, 0% used [0x00000000d5580000,0x00000000d5580000,0x00000000d6080000)
  from space 1536K, 92% used [0x00000000d6280000,0x00000000d63e4030,0x00000000d6400000)
  to   space 1536K, 0% used [0x00000000d6100000,0x00000000d6100000,0x00000000d6280000)
 ParOldGen       total 628224K, used 322997K [0x0000000080000000, 0x00000000a6580000, 0x00000000d5580000)
  object space 628224K, 51% used [0x0000000080000000,0x0000000093b6d6e8,0x00000000a6580000)
 Metaspace       used 65017K, committed 66368K, reserved 1114112K
  class space    used 6753K, committed 7360K, reserved 1048576K
}
Event: 33.654 GC heap before
{Heap before GC invocations=944 (full 3):
 PSYoungGen      total 12800K, used 12688K [0x00000000d5580000, 0x00000000d6400000, 0x0000000100000000)
  eden space 11264K, 100% used [0x00000000d5580000,0x00000000d6080000,0x00000000d6080000)
  from space 1536K, 92% used [0x00000000d6280000,0x00000000d63e4030,0x00000000d6400000)
  to   space 1536K, 0% used [0x00000000d6100000,0x00000000d6100000,0x00000000d6280000)
 ParOldGen       total 628224K, used 322997K [0x0000000080000000, 0x00000000a6580000, 0x00000000d5580000)
  object space 628224K, 51% used [0x0000000080000000,0x0000000093b6d6e8,0x00000000a6580000)
 Metaspace       used 65468K, committed 66816K, reserved 1114112K
  class space    used 6786K, committed 7360K, reserved 1048576K
}
Event: 33.655 GC heap after
{Heap after GC invocations=944 (full 3):
 PSYoungGen      total 12288K, used 575K [0x00000000d5580000, 0x00000000d6300000, 0x0000000100000000)
  eden space 11264K, 0% used [0x00000000d5580000,0x00000000d5580000,0x00000000d6080000)
  from space 1024K, 56% used [0x00000000d6100000,0x00000000d618fd88,0x00000000d6200000)
  to   space 1024K, 0% used [0x00000000d6200000,0x00000000d6200000,0x00000000d6300000)
 ParOldGen       total 628224K, used 324179K [0x0000000080000000, 0x00000000a6580000, 0x00000000d5580000)
  object space 628224K, 51% used [0x0000000080000000,0x0000000093c94f88,0x00000000a6580000)
 Metaspace       used 65468K, committed 66816K, reserved 1114112K
  class space    used 6786K, committed 7360K, reserved 1048576K
}
Event: 54.584 GC heap before
{Heap before GC invocations=945 (full 3):
 PSYoungGen      total 12288K, used 11839K [0x00000000d5580000, 0x00000000d6300000, 0x0000000100000000)
  eden space 11264K, 100% used [0x00000000d5580000,0x00000000d6080000,0x00000000d6080000)
  from space 1024K, 56% used [0x00000000d6100000,0x00000000d618fd88,0x00000000d6200000)
  to   space 1024K, 0% used [0x00000000d6200000,0x00000000d6200000,0x00000000d6300000)
 ParOldGen       total 628224K, used 324179K [0x0000000080000000, 0x00000000a6580000, 0x00000000d5580000)
  object space 628224K, 51% used [0x0000000080000000,0x0000000093c94f88,0x00000000a6580000)
 Metaspace       used 65679K, committed 67136K, reserved 1114112K
  class space    used 6793K, committed 7424K, reserved 1048576K
}
Event: 54.585 GC heap after
{Heap after GC invocations=945 (full 3):
 PSYoungGen      total 11776K, used 384K [0x00000000d5580000, 0x00000000d6280000, 0x0000000100000000)
  eden space 11264K, 0% used [0x00000000d5580000,0x00000000d5580000,0x00000000d6080000)
  from space 512K, 75% used [0x00000000d6200000,0x00000000d6260090,0x00000000d6280000)
  to   space 512K, 0% used [0x00000000d6180000,0x00000000d6180000,0x00000000d6200000)
 ParOldGen       total 628224K, used 324525K [0x0000000080000000, 0x00000000a6580000, 0x00000000d5580000)
  object space 628224K, 51% used [0x0000000080000000,0x0000000093ceb578,0x00000000a6580000)
 Metaspace       used 65679K, committed 67136K, reserved 1114112K
  class space    used 6793K, committed 7424K, reserved 1048576K
}
Event: 81.243 GC heap before
{Heap before GC invocations=946 (full 3):
 PSYoungGen      total 11776K, used 11648K [0x00000000d5580000, 0x00000000d6280000, 0x0000000100000000)
  eden space 11264K, 100% used [0x00000000d5580000,0x00000000d6080000,0x00000000d6080000)
  from space 512K, 75% used [0x00000000d6200000,0x00000000d6260090,0x00000000d6280000)
  to   space 512K, 0% used [0x00000000d6180000,0x00000000d6180000,0x00000000d6200000)
 ParOldGen       total 628224K, used 324525K [0x0000000080000000, 0x00000000a6580000, 0x00000000d5580000)
  object space 628224K, 51% used [0x0000000080000000,0x0000000093ceb578,0x00000000a6580000)
 Metaspace       used 66222K, committed 67712K, reserved 1114112K
  class space    used 6844K, committed 7488K, reserved 1048576K
}
Event: 81.245 GC heap after
{Heap after GC invocations=946 (full 3):
 PSYoungGen      total 11776K, used 482K [0x00000000d5580000, 0x00000000d6480000, 0x0000000100000000)
  eden space 11264K, 0% used [0x00000000d5580000,0x00000000d5580000,0x00000000d6080000)
  from space 512K, 94% used [0x00000000d6180000,0x00000000d61f8900,0x00000000d6200000)
  to   space 2048K, 0% used [0x00000000d6280000,0x00000000d6280000,0x00000000d6480000)
 ParOldGen       total 628224K, used 325808K [0x0000000080000000, 0x00000000a6580000, 0x00000000d5580000)
  object space 628224K, 51% used [0x0000000080000000,0x0000000093e2c240,0x00000000a6580000)
 Metaspace       used 66222K, committed 67712K, reserved 1114112K
  class space    used 6844K, committed 7488K, reserved 1048576K
}
Event: 81.395 GC heap before
{Heap before GC invocations=947 (full 3):
 PSYoungGen      total 11776K, used 11746K [0x00000000d5580000, 0x00000000d6480000, 0x0000000100000000)
  eden space 11264K, 100% used [0x00000000d5580000,0x00000000d6080000,0x00000000d6080000)
  from space 512K, 94% used [0x00000000d6180000,0x00000000d61f8900,0x00000000d6200000)
  to   space 2048K, 0% used [0x00000000d6280000,0x00000000d6280000,0x00000000d6480000)
 ParOldGen       total 628224K, used 325808K [0x0000000080000000, 0x00000000a6580000, 0x00000000d5580000)
  object space 628224K, 51% used [0x0000000080000000,0x0000000093e2c240,0x00000000a6580000)
 Metaspace       used 66966K, committed 68352K, reserved 1114112K
  class space    used 6895K, committed 7488K, reserved 1048576K
}
Event: 81.397 GC heap after
{Heap after GC invocations=947 (full 3):
 PSYoungGen      total 13312K, used 1734K [0x00000000d5580000, 0x00000000d6480000, 0x0000000100000000)
  eden space 11264K, 0% used [0x00000000d5580000,0x00000000d5580000,0x00000000d6080000)
  from space 2048K, 84% used [0x00000000d6280000,0x00000000d64319b8,0x00000000d6480000)
  to   space 2048K, 0% used [0x00000000d6080000,0x00000000d6080000,0x00000000d6280000)
 ParOldGen       total 628224K, used 326103K [0x0000000080000000, 0x00000000a6580000, 0x00000000d5580000)
  object space 628224K, 51% used [0x0000000080000000,0x0000000093e75cd8,0x00000000a6580000)
 Metaspace       used 66966K, committed 68352K, reserved 1114112K
  class space    used 6895K, committed 7488K, reserved 1048576K
}
Event: 81.484 GC heap before
{Heap before GC invocations=948 (full 3):
 PSYoungGen      total 13312K, used 12998K [0x00000000d5580000, 0x00000000d6480000, 0x0000000100000000)
  eden space 11264K, 100% used [0x00000000d5580000,0x00000000d6080000,0x00000000d6080000)
  from space 2048K, 84% used [0x00000000d6280000,0x00000000d64319b8,0x00000000d6480000)
  to   space 2048K, 0% used [0x00000000d6080000,0x00000000d6080000,0x00000000d6280000)
 ParOldGen       total 628224K, used 326103K [0x0000000080000000, 0x00000000a6580000, 0x00000000d5580000)
  object space 628224K, 51% used [0x0000000080000000,0x0000000093e75cd8,0x00000000a6580000)
 Metaspace       used 67418K, committed 68928K, reserved 1114112K
  class space    used 6961K, committed 7616K, reserved 1048576K
}
Event: 81.486 GC heap after
{Heap after GC invocations=948 (full 3):
 PSYoungGen      total 12800K, used 1269K [0x00000000d5580000, 0x00000000d6380000, 0x0000000100000000)
  eden space 11264K, 0% used [0x00000000d5580000,0x00000000d5580000,0x00000000d6080000)
  from space 1536K, 82% used [0x00000000d6080000,0x00000000d61bd448,0x00000000d6200000)
  to   space 1536K, 0% used [0x00000000d6200000,0x00000000d6200000,0x00000000d6380000)
 ParOldGen       total 628224K, used 327580K [0x0000000080000000, 0x00000000a6580000, 0x00000000d5580000)
  object space 628224K, 52% used [0x0000000080000000,0x0000000093fe7040,0x00000000a6580000)
 Metaspace       used 67418K, committed 68928K, reserved 1114112K
  class space    used 6961K, committed 7616K, reserved 1048576K
}
Event: 98.041 GC heap before
{Heap before GC invocations=949 (full 3):
 PSYoungGen      total 12800K, used 12533K [0x00000000d5580000, 0x00000000d6380000, 0x0000000100000000)
  eden space 11264K, 100% used [0x00000000d5580000,0x00000000d6080000,0x00000000d6080000)
  from space 1536K, 82% used [0x00000000d6080000,0x00000000d61bd448,0x00000000d6200000)
  to   space 1536K, 0% used [0x00000000d6200000,0x00000000d6200000,0x00000000d6380000)
 ParOldGen       total 628224K, used 327580K [0x0000000080000000, 0x00000000a6580000, 0x00000000d5580000)
  object space 628224K, 52% used [0x0000000080000000,0x0000000093fe7040,0x00000000a6580000)
 Metaspace       used 67791K, committed 69248K, reserved 1114112K
  class space    used 6993K, committed 7616K, reserved 1048576K
}
Event: 98.042 GC heap after
{Heap after GC invocations=949 (full 3):
 PSYoungGen      total 12288K, used 512K [0x00000000d5580000, 0x00000000d6300000, 0x0000000100000000)
  eden space 11264K, 0% used [0x00000000d5580000,0x00000000d5580000,0x00000000d6080000)
  from space 1024K, 50% used [0x00000000d6200000,0x00000000d6280020,0x00000000d6300000)
  to   space 1024K, 0% used [0x00000000d6100000,0x00000000d6100000,0x00000000d6200000)
 ParOldGen       total 628224K, used 327772K [0x0000000080000000, 0x00000000a6580000, 0x00000000d5580000)
  object space 628224K, 52% used [0x0000000080000000,0x0000000094017040,0x00000000a6580000)
 Metaspace       used 67791K, committed 69248K, reserved 1114112K
  class space    used 6993K, committed 7616K, reserved 1048576K
}
Event: 98.143 GC heap before
{Heap before GC invocations=950 (full 3):
 PSYoungGen      total 12288K, used 11776K [0x00000000d5580000, 0x00000000d6300000, 0x0000000100000000)
  eden space 11264K, 100% used [0x00000000d5580000,0x00000000d6080000,0x00000000d6080000)
  from space 1024K, 50% used [0x00000000d6200000,0x00000000d6280020,0x00000000d6300000)
  to   space 1024K, 0% used [0x00000000d6100000,0x00000000d6100000,0x00000000d6200000)
 ParOldGen       total 628224K, used 327772K [0x0000000080000000, 0x00000000a6580000, 0x00000000d5580000)
  object space 628224K, 52% used [0x0000000080000000,0x0000000094017040,0x00000000a6580000)
 Metaspace       used 69097K, committed 70592K, reserved 1114112K
  class space    used 7143K, committed 7808K, reserved 1048576K
}
Event: 98.144 GC heap after
{Heap after GC invocations=950 (full 3):
 PSYoungGen      total 12288K, used 561K [0x00000000d5580000, 0x00000000d6280000, 0x0000000100000000)
  eden space 11264K, 0% used [0x00000000d5580000,0x00000000d5580000,0x00000000d6080000)
  from space 1024K, 54% used [0x00000000d6100000,0x00000000d618c5d0,0x00000000d6200000)
  to   space 512K, 0% used [0x00000000d6200000,0x00000000d6200000,0x00000000d6280000)
 ParOldGen       total 628224K, used 328028K [0x0000000080000000, 0x00000000a6580000, 0x00000000d5580000)
  object space 628224K, 52% used [0x0000000080000000,0x0000000094057060,0x00000000a6580000)
 Metaspace       used 69097K, committed 70592K, reserved 1114112K
  class space    used 7143K, committed 7808K, reserved 1048576K
}
Event: 98.213 GC heap before
{Heap before GC invocations=951 (full 3):
 PSYoungGen      total 12288K, used 11825K [0x00000000d5580000, 0x00000000d6280000, 0x0000000100000000)
  eden space 11264K, 100% used [0x00000000d5580000,0x00000000d6080000,0x00000000d6080000)
  from space 1024K, 54% used [0x00000000d6100000,0x00000000d618c5d0,0x00000000d6200000)
  to   space 512K, 0% used [0x00000000d6200000,0x00000000d6200000,0x00000000d6280000)
 ParOldGen       total 628224K, used 328028K [0x0000000080000000, 0x00000000a6580000, 0x00000000d5580000)
  object space 628224K, 52% used [0x0000000080000000,0x0000000094057060,0x00000000a6580000)
 Metaspace       used 70308K, committed 71808K, reserved 1114112K
  class space    used 7348K, committed 8000K, reserved 1048576K
}
Event: 98.214 GC heap after
{Heap after GC invocations=951 (full 3):
 PSYoungGen      total 11776K, used 496K [0x00000000d5580000, 0x00000000d6280000, 0x0000000100000000)
  eden space 11264K, 0% used [0x00000000d5580000,0x00000000d5580000,0x00000000d6080000)
  from space 512K, 96% used [0x00000000d6200000,0x00000000d627c010,0x00000000d6280000)
  to   space 1024K, 0% used [0x00000000d6080000,0x00000000d6080000,0x00000000d6180000)
 ParOldGen       total 628224K, used 328371K [0x0000000080000000, 0x00000000a6580000, 0x00000000d5580000)
  object space 628224K, 52% used [0x0000000080000000,0x00000000940acc58,0x00000000a6580000)
 Metaspace       used 70308K, committed 71808K, reserved 1114112K
  class space    used 7348K, committed 8000K, reserved 1048576K
}
Event: 5496.171 GC heap before
{Heap before GC invocations=952 (full 3):
 PSYoungGen      total 11776K, used 11759K [0x00000000d5580000, 0x00000000d6280000, 0x0000000100000000)
  eden space 11264K, 99% used [0x00000000d5580000,0x00000000d607ffb0,0x00000000d6080000)
  from space 512K, 96% used [0x00000000d6200000,0x00000000d627c010,0x00000000d6280000)
  to   space 1024K, 0% used [0x00000000d6080000,0x00000000d6080000,0x00000000d6180000)
 ParOldGen       total 628224K, used 328371K [0x0000000080000000, 0x00000000a6580000, 0x00000000d5580000)
  object space 628224K, 52% used [0x0000000080000000,0x00000000940acc58,0x00000000a6580000)
 Metaspace       used 71282K, committed 72768K, reserved 1114112K
  class space    used 7462K, committed 8128K, reserved 1048576K
}
Event: 5496.239 GC heap after
{Heap after GC invocations=952 (full 3):
 PSYoungGen      total 12288K, used 480K [0x00000000d5580000, 0x00000000d6280000, 0x0000000100000000)
  eden space 11264K, 0% used [0x00000000d5580000,0x00000000d5580000,0x00000000d6080000)
  from space 1024K, 46% used [0x00000000d6080000,0x00000000d60f8000,0x00000000d6180000)
  to   space 1024K, 0% used [0x00000000d6180000,0x00000000d6180000,0x00000000d6280000)
 ParOldGen       total 628224K, used 328595K [0x0000000080000000, 0x00000000a6580000, 0x00000000d5580000)
  object space 628224K, 52% used [0x0000000080000000,0x00000000940e4c88,0x00000000a6580000)
 Metaspace       used 71282K, committed 72768K, reserved 1114112K
  class space    used 7462K, committed 8128K, reserved 1048576K
}

